{"level":"error","message":"on purpose"}
{"level":"error","message":"on purpose"}
error: on purpose
{"level":"error","message":"on purpose"}
{"level":"error","message":"on purpose"}
{"level":"error","message":"on purpose"}
{"level":"error","message":"on purpose"}
error: on purpose {"timestamp":"2019-01-19T12:04:57.913Z"}
error: on purpose {"timestamp":"2019-01-19T12:06:41.705Z"}
error: on purpose {"timestamp":"2019-01-19T12:10:20.236Z"}
{"level":"error","timestamp":"2019-01-19T12:12:25.494Z"}
error: on purpose {"timestamp":"2019-01-19T12:13:36.362Z"}
error: on purpose {"timestamp":"2019-01-19T12:16:10.511Z"}
{"level":"error","message":"on purpose"}
{"level":"error","message":"on purpose"}
{"level":"error","message":"on purpose"}
{"level":"error","message":"on purpose"}
undefined
undefined
{"level":"error","message":"on purpose"}
{ level: 'error',
  message: 'on purpose',
  timestamp: '2019-01-19T12:29:00.459Z',
  [Symbol(level)]: 'error' }
{ level: 'error',
  message: 'throw error outside',
  timestamp: '2019-01-19T12:36:50.545Z',
  [Symbol(level)]: 'error',
  [Symbol(splat)]:
   [ Error: throw error outside
         at Object.<anonymous> (/Users/dexter/sandbox/PeerToPeerWorkContract/research/nodejstrain/vidly/index.js:29:7)
         at Module._compile (internal/modules/cjs/loader.js:702:30)
         at Object.Module._extensions..js (internal/modules/cjs/loader.js:713:10)
         at Module.load (internal/modules/cjs/loader.js:612:32)
         at tryModuleLoad (internal/modules/cjs/loader.js:551:12)
         at Function.Module._load (internal/modules/cjs/loader.js:543:3)
         at Function.Module.runMain (internal/modules/cjs/loader.js:744:10)
         at startup (internal/bootstrap/node.js:238:19)
         at bootstrapNodeJSCore (internal/bootstrap/node.js:572:3) ] }
{ level: 'error',
  message: 'failure promise',
  timestamp: '2019-01-20T04:01:25.602Z',
  [Symbol(level)]: 'error',
  [Symbol(splat)]:
   [ Error: failure promise
         at Promise (/Users/dexter/sandbox/PeerToPeerWorkContract/research/nodejstrain/vidly/index.js:29:10)
         at new Promise (<anonymous>)
         at Object.<anonymous> (/Users/dexter/sandbox/PeerToPeerWorkContract/research/nodejstrain/vidly/index.js:28:9)
         at Module._compile (internal/modules/cjs/loader.js:702:30)
         at Object.Module._extensions..js (internal/modules/cjs/loader.js:713:10)
         at Module.load (internal/modules/cjs/loader.js:612:32)
         at tryModuleLoad (internal/modules/cjs/loader.js:551:12)
         at Function.Module._load (internal/modules/cjs/loader.js:543:3)
         at Function.Module.runMain (internal/modules/cjs/loader.js:744:10)
         at startup (internal/bootstrap/node.js:238:19)
         at bootstrapNodeJSCore (internal/bootstrap/node.js:572:3) ] }
{ level: 'error',
  message: 'failure promise',
  timestamp: '2019-01-20T04:04:51.665Z',
  [Symbol(level)]: 'error',
  [Symbol(splat)]:
   [ Error: failure promise
         at Promise (/Users/dexter/sandbox/PeerToPeerWorkContract/research/nodejstrain/vidly/index.js:29:10)
         at new Promise (<anonymous>)
         at Object.<anonymous> (/Users/dexter/sandbox/PeerToPeerWorkContract/research/nodejstrain/vidly/index.js:28:9)
         at Module._compile (internal/modules/cjs/loader.js:702:30)
         at Object.Module._extensions..js (internal/modules/cjs/loader.js:713:10)
         at Module.load (internal/modules/cjs/loader.js:612:32)
         at tryModuleLoad (internal/modules/cjs/loader.js:551:12)
         at Function.Module._load (internal/modules/cjs/loader.js:543:3)
         at Function.Module.runMain (internal/modules/cjs/loader.js:744:10)
         at startup (internal/bootstrap/node.js:238:19)
         at bootstrapNodeJSCore (internal/bootstrap/node.js:572:3) ] }
{ level: 'error',
  message: 'failure promise',
  timestamp: '2019-01-20T04:11:37.666Z',
  [Symbol(level)]: 'error',
  [Symbol(splat)]:
   [ Error: failure promise
         at Promise (/Users/dexter/sandbox/PeerToPeerWorkContract/research/nodejstrain/vidly/index.js:29:10)
         at new Promise (<anonymous>)
         at Object.<anonymous> (/Users/dexter/sandbox/PeerToPeerWorkContract/research/nodejstrain/vidly/index.js:28:9)
         at Module._compile (internal/modules/cjs/loader.js:702:30)
         at Object.Module._extensions..js (internal/modules/cjs/loader.js:713:10)
         at Module.load (internal/modules/cjs/loader.js:612:32)
         at tryModuleLoad (internal/modules/cjs/loader.js:551:12)
         at Function.Module._load (internal/modules/cjs/loader.js:543:3)
         at Function.Module.runMain (internal/modules/cjs/loader.js:744:10)
         at startup (internal/bootstrap/node.js:238:19)
         at bootstrapNodeJSCore (internal/bootstrap/node.js:572:3) ] }
{ level: 'error',
  message: 'failure promise',
  timestamp: '2019-01-20T04:12:36.626Z',
  [Symbol(level)]: 'error',
  [Symbol(splat)]:
   [ Error: failure promise
         at Promise (/Users/dexter/sandbox/PeerToPeerWorkContract/research/nodejstrain/vidly/index.js:30:10)
         at new Promise (<anonymous>)
         at Object.<anonymous> (/Users/dexter/sandbox/PeerToPeerWorkContract/research/nodejstrain/vidly/index.js:29:9)
         at Module._compile (internal/modules/cjs/loader.js:702:30)
         at Object.Module._extensions..js (internal/modules/cjs/loader.js:713:10)
         at Module.load (internal/modules/cjs/loader.js:612:32)
         at tryModuleLoad (internal/modules/cjs/loader.js:551:12)
         at Function.Module._load (internal/modules/cjs/loader.js:543:3)
         at Function.Module.runMain (internal/modules/cjs/loader.js:744:10)
         at startup (internal/bootstrap/node.js:238:19)
         at bootstrapNodeJSCore (internal/bootstrap/node.js:572:3) ] }
{ level: 'error',
  message: 'process is not a function',
  timestamp: '2019-01-20T04:12:36.636Z',
  [Symbol(level)]: 'error',
  [Symbol(splat)]:
   [ TypeError: process is not a function
         at process.on (/Users/dexter/sandbox/PeerToPeerWorkContract/research/nodejstrain/vidly/index.js:26:3)
         at process.emit (events.js:182:13)
         at emitPromiseRejectionWarnings (internal/process/promises.js:104:20)
         at process._tickCallback (internal/process/next_tick.js:69:34)
         at Function.Module.runMain (internal/modules/cjs/loader.js:746:11)
         at startup (internal/bootstrap/node.js:238:19)
         at bootstrapNodeJSCore (internal/bootstrap/node.js:572:3) ] }
{ level: 'error',
  message: 'failure promise',
  timestamp: '2019-01-20T04:14:16.603Z',
  [Symbol(level)]: 'error',
  [Symbol(splat)]:
   [ Error: failure promise
         at Promise (/Users/dexter/sandbox/PeerToPeerWorkContract/research/nodejstrain/vidly/index.js:30:10)
         at new Promise (<anonymous>)
         at Object.<anonymous> (/Users/dexter/sandbox/PeerToPeerWorkContract/research/nodejstrain/vidly/index.js:29:9)
         at Module._compile (internal/modules/cjs/loader.js:702:30)
         at Object.Module._extensions..js (internal/modules/cjs/loader.js:713:10)
         at Module.load (internal/modules/cjs/loader.js:612:32)
         at tryModuleLoad (internal/modules/cjs/loader.js:551:12)
         at Function.Module._load (internal/modules/cjs/loader.js:543:3)
         at Function.Module.runMain (internal/modules/cjs/loader.js:744:10)
         at startup (internal/bootstrap/node.js:238:19)
         at bootstrapNodeJSCore (internal/bootstrap/node.js:572:3) ] }
{ level: 'error',
  message: 'process is not a function',
  timestamp: '2019-01-20T04:14:16.609Z',
  [Symbol(level)]: 'error',
  [Symbol(splat)]:
   [ TypeError: process is not a function
         at process.on (/Users/dexter/sandbox/PeerToPeerWorkContract/research/nodejstrain/vidly/index.js:26:3)
         at process.emit (events.js:182:13)
         at emitPromiseRejectionWarnings (internal/process/promises.js:104:20)
         at process._tickCallback (internal/process/next_tick.js:69:34)
         at Function.Module.runMain (internal/modules/cjs/loader.js:746:11)
         at startup (internal/bootstrap/node.js:238:19)
         at bootstrapNodeJSCore (internal/bootstrap/node.js:572:3) ] }
{ message: 'Connected to MongoDB....',
  level: 'info',
  timestamp: '2019-01-20T10:33:32.086Z',
  [Symbol(level)]: 'info' }
{ name: 'MongoNetworkError',
  errorLabels: [ 'TransientTransactionError' ],
  level: 'error',
  message:
   'failed to connect to server [localhost:27017] on first connect [MongoNetworkError: connect ECONNREFUSED 127.0.0.1:27017]',
  timestamp: '2019-01-20T10:34:15.735Z',
  [Symbol(mongoErrorContextSymbol)]: {},
  [Symbol(level)]: 'error',
  [Symbol(splat)]:
   [ { MongoNetworkError: failed to connect to server [localhost:27017] on first connect [MongoNetworkError: connect ECONNREFUSED 127.0.0.1:27017]
         at Pool.<anonymous> (/Users/dexter/sandbox/PeerToPeerWorkContract/research/nodejstrain/vidly/node_modules/mongodb-core/lib/topologies/server.js:564:11)
         at Pool.emit (events.js:182:13)
         at Connection.<anonymous> (/Users/dexter/sandbox/PeerToPeerWorkContract/research/nodejstrain/vidly/node_modules/mongodb-core/lib/connection/pool.js:317:12)
         at Object.onceWrapper (events.js:273:13)
         at Connection.emit (events.js:182:13)
         at Socket.<anonymous> (/Users/dexter/sandbox/PeerToPeerWorkContract/research/nodejstrain/vidly/node_modules/mongodb-core/lib/connection/connection.js:246:50)
         at Object.onceWrapper (events.js:273:13)
         at Socket.emit (events.js:182:13)
         at emitErrorNT (internal/streams/destroy.js:82:8)
         at emitErrorAndCloseNT (internal/streams/destroy.js:50:3)
         at process._tickCallback (internal/process/next_tick.js:63:19)
       name: 'MongoNetworkError',
       errorLabels: [ 'TransientTransactionError' ],
       [Symbol(mongoErrorContextSymbol)]: {} } ] }
{ message: 'Connected to MongoDB....',
  level: 'info',
  timestamp: '2019-01-20T10:42:01.683Z',
  [Symbol(level)]: 'info' }
{ message: 'Connected to MongoDB....',
  level: 'info',
  timestamp: '2019-01-20T10:43:11.165Z',
  [Symbol(level)]: 'info' }
{ message: 'Connected to MongoDB....',
  level: 'info',
  timestamp: '2019-01-20T10:43:43.153Z',
  [Symbol(level)]: 'info' }
{ message: 'Connected to MongoDB....',
  level: 'info',
  timestamp: '2019-01-20T10:44:27.206Z',
  [Symbol(level)]: 'info' }
{ message: 'Connected to MongoDB....',
  level: 'info',
  timestamp: '2019-01-20T10:44:47.144Z',
  [Symbol(level)]: 'info' }
{ message: 'Connected to MongoDB....',
  level: 'info',
  timestamp: '2019-01-20T10:46:51.410Z',
  [Symbol(level)]: 'info' }
{ message: 'Connected to MongoDB....',
  level: 'info',
  timestamp: '2019-01-20T10:46:54.133Z',
  [Symbol(level)]: 'info' }
{ message: 'Connected to MongoDB....',
  level: 'info',
  timestamp: '2019-01-20T10:48:37.804Z',
  [Symbol(level)]: 'info' }
{ message: 'Connected to MongoDB....',
  level: 'info',
  timestamp: '2019-01-20T11:01:36.623Z',
  [Symbol(level)]: 'info' }
{ message: 'Connected to MongoDB....',
  level: 'info',
  timestamp: '2019-01-20T11:02:40.889Z',
  [Symbol(level)]: 'info' }
{ message: 'Connected to MongoDB....',
  level: 'info',
  timestamp: '2019-01-20T11:03:29.068Z',
  [Symbol(level)]: 'info' }
{ message: 'Connected to MongoDB....',
  level: 'info',
  timestamp: '2019-01-20T11:04:09.425Z',
  [Symbol(level)]: 'info' }
{ message: 'Connected to MongoDB....',
  level: 'info',
  timestamp: '2019-01-20T11:04:15.353Z',
  [Symbol(level)]: 'info' }
{ message: 'Connected to MongoDB....',
  level: 'info',
  timestamp: '2019-01-20T11:06:07.676Z',
  [Symbol(level)]: 'info' }
{ message: 'Connected to MongoDB....',
  level: 'info',
  timestamp: '2019-01-20T11:56:49.783Z',
  [Symbol(level)]: 'info' }
{ message: 'Connected to MongoDB....',
  level: 'info',
  timestamp: '2019-01-20T11:57:14.143Z',
  [Symbol(level)]: 'info' }
{ message: 'Connected to MongoDB....',
  level: 'info',
  timestamp: '2019-01-20T11:57:23.781Z',
  [Symbol(level)]: 'info' }
{ message: 'Connected to MongoDB....',
  level: 'info',
  timestamp: '2019-01-20T12:11:03.959Z',
  [Symbol(level)]: 'info' }
{ message: 'Connected to MongoDB....',
  level: 'info',
  timestamp: '2019-01-20T12:11:09.069Z',
  [Symbol(level)]: 'info' }
{ message: 'Connected to MongoDB....',
  level: 'info',
  timestamp: '2019-01-20T12:12:08.111Z',
  [Symbol(level)]: 'info' }
{ message: 'Connected to MongoDB....',
  level: 'info',
  timestamp: '2019-01-20T12:13:18.008Z',
  [Symbol(level)]: 'info' }
{ message: 'Connected to MongoDB....',
  level: 'info',
  timestamp: '2019-01-20T12:13:22.166Z',
  [Symbol(level)]: 'info' }
{ message: 'Connected to MongoDB....',
  level: 'info',
  timestamp: '2019-01-20T12:14:21.821Z',
  [Symbol(level)]: 'info' }
{ message: 'Connected to MongoDB mongodb://localhost/vidly_tests....',
  level: 'info',
  timestamp: '2019-01-31T04:51:38.779Z',
  [Symbol(level)]: 'info' }
{ message: 'Connected to MongoDB mongodb://localhost/vidly_tests....',
  level: 'info',
  timestamp: '2019-01-31T05:11:39.602Z',
  [Symbol(level)]: 'info' }
{ message: 'Connected to MongoDB mongodb://localhost/vidly_tests....',
  level: 'info',
  timestamp: '2019-01-31T05:11:53.054Z',
  [Symbol(level)]: 'info' }
{ message: 'Connected to MongoDB mongodb://localhost/vidly_tests....',
  level: 'info',
  timestamp: '2019-01-31T05:14:42.469Z',
  [Symbol(level)]: 'info' }
{ message: 'Connected to MongoDB mongodb://localhost/vidly_tests....',
  level: 'info',
  timestamp: '2019-01-31T05:16:08.094Z',
  [Symbol(level)]: 'info' }
{ message: 'Connected to MongoDB mongodb://localhost/vidly_tests....',
  level: 'info',
  timestamp: '2019-01-31T05:16:46.010Z',
  [Symbol(level)]: 'info' }
{ message: 'Connected to MongoDB mongodb://localhost/vidly_tests....',
  level: 'info',
  timestamp: '2019-01-31T05:17:12.096Z',
  [Symbol(level)]: 'info' }
{ message: 'Connected to MongoDB mongodb://localhost/vidly_tests....',
  level: 'info',
  timestamp: '2019-01-31T05:18:17.489Z',
  [Symbol(level)]: 'info' }
{ message: 'Connected to MongoDB mongodb://localhost/vidly_tests....',
  level: 'info',
  timestamp: '2019-01-31T05:19:12.839Z',
  [Symbol(level)]: 'info' }
{ message: 'Connected to MongoDB mongodb://localhost/vidly_tests....',
  level: 'info',
  timestamp: '2019-01-31T05:19:46.841Z',
  [Symbol(level)]: 'info' }
{ message: 'Connected to MongoDB mongodb://localhost/vidly_tests....',
  level: 'info',
  timestamp: '2019-01-31T05:20:57.808Z',
  [Symbol(level)]: 'info' }
{ message: 'Connected to MongoDB mongodb://localhost/vidly_tests....',
  level: 'info',
  timestamp: '2019-01-31T05:21:13.721Z',
  [Symbol(level)]: 'info' }
{ message: 'Connected to MongoDB mongodb://localhost/vidly_tests....',
  level: 'info',
  timestamp: '2019-01-31T05:21:43.391Z',
  [Symbol(level)]: 'info' }
{ message: 'Connected to MongoDB mongodb://localhost/vidly_tests....',
  level: 'info',
  timestamp: '2019-01-31T05:22:13.105Z',
  [Symbol(level)]: 'info' }
{ message: 'Connected to MongoDB mongodb://localhost/vidly_tests....',
  level: 'info',
  timestamp: '2019-01-31T05:22:41.249Z',
  [Symbol(level)]: 'info' }
{ message: 'Connected to MongoDB mongodb://localhost/vidly_tests....',
  level: 'info',
  timestamp: '2019-01-31T05:25:06.503Z',
  [Symbol(level)]: 'info' }
{ message: 'Connected to MongoDB mongodb://localhost/vidly_tests....',
  level: 'info',
  timestamp: '2019-01-31T05:25:20.054Z',
  [Symbol(level)]: 'info' }
{ message: 'Connected to MongoDB mongodb://localhost/vidly_tests....',
  level: 'info',
  timestamp: '2019-01-31T05:27:43.830Z',
  [Symbol(level)]: 'info' }
{ message: 'Connected to MongoDB mongodb://localhost/vidly_tests....',
  level: 'info',
  timestamp: '2019-01-31T05:28:33.841Z',
  [Symbol(level)]: 'info' }
{ message: 'Connected to MongoDB mongodb://localhost/vidly_tests....',
  level: 'info',
  timestamp: '2019-01-31T05:29:00.333Z',
  [Symbol(level)]: 'info' }
{ message: 'Connected to MongoDB mongodb://localhost/vidly_tests....',
  level: 'info',
  timestamp: '2019-01-31T05:29:13.479Z',
  [Symbol(level)]: 'info' }
{ message: 'Connected to MongoDB mongodb://localhost/vidly_tests....',
  level: 'info',
  timestamp: '2019-01-31T05:29:42.734Z',
  [Symbol(level)]: 'info' }
{ message: 'Connected to MongoDB mongodb://localhost/vidly_tests....',
  level: 'info',
  timestamp: '2019-01-31T05:30:24.403Z',
  [Symbol(level)]: 'info' }
{ message: 'Connected to MongoDB mongodb://localhost/vidly_tests....',
  level: 'info',
  timestamp: '2019-01-31T05:31:01.959Z',
  [Symbol(level)]: 'info' }
{ message: 'Connected to MongoDB mongodb://localhost/vidly_tests....',
  level: 'info',
  timestamp: '2019-01-31T05:31:44.901Z',
  [Symbol(level)]: 'info' }
{ message: 'Connected to MongoDB mongodb://localhost/vidly_tests....',
  level: 'info',
  timestamp: '2019-01-31T05:33:03.793Z',
  [Symbol(level)]: 'info' }
{ message: 'Connected to MongoDB mongodb://localhost/vidly_tests....',
  level: 'info',
  timestamp: '2019-01-31T05:33:21.440Z',
  [Symbol(level)]: 'info' }
{ message: 'Connected to MongoDB mongodb://localhost/vidly_tests....',
  level: 'info',
  timestamp: '2019-01-31T05:33:33.640Z',
  [Symbol(level)]: 'info' }
{ message: 'Connected to MongoDB mongodb://localhost/vidly_tests....',
  level: 'info',
  timestamp: '2019-01-31T05:33:55.279Z',
  [Symbol(level)]: 'info' }
{ message: 'Connected to MongoDB mongodb://localhost/vidly_tests....',
  level: 'info',
  timestamp: '2019-01-31T05:34:44.886Z',
  [Symbol(level)]: 'info' }
{ message: 'Connected to MongoDB mongodb://localhost/vidly_tests....',
  level: 'info',
  timestamp: '2019-01-31T05:35:03.431Z',
  [Symbol(level)]: 'info' }
